2025-08-20 18:53:00,010 - cmp.main - INFO - CMP application starting up...
2025-08-20 18:53:00,021 - cmp.main - INFO - Database initialized successfully
2025-08-20 18:59:51,947 - cmp.main - INFO - CMP application starting up...
2025-08-20 18:59:51,949 - cmp.main - INFO - Database initialized successfully
2025-08-20 19:00:06,679 - cmp.integrations.invoices - INFO - Zoho Books connector initialized (stub)
2025-08-20 19:00:06,679 - cmp.integrations.invoices - INFO - Wio Bank connector initialized (stub)
2025-08-20 19:00:06,679 - cmp.agents.accountant - INFO - AI:Accountant initialized with enhanced capabilities
2025-08-20 19:52:47,208 - cmp.main - INFO - CMP application starting up...
2025-08-20 19:52:47,211 - cmp.main - INFO - Database initialized successfully
2025-08-20 19:53:01,811 - cmp.integrations.invoices - INFO - Zoho Books connector initialized (stub)
2025-08-20 19:53:01,811 - cmp.integrations.invoices - INFO - Wio Bank connector initialized (stub)
2025-08-20 19:53:01,811 - cmp.agents.accountant - INFO - AI:Accountant initialized with enhanced capabilities
2025-08-20 19:53:01,813 - cmp.agents.controller - INFO - AI:Controller initialized
2025-08-20 19:53:01,814 - cmp.agents.director - INFO - AI:Director initialized
2025-08-20 19:53:01,815 - cmp.agents.cfo - INFO - AI:CFO initialized
2025-09-07 16:49:03,064 - cmp.main - INFO - CMP application starting up...
2025-09-07 16:49:03,067 - cmp.main - INFO - Database initialized successfully
2025-09-07 16:50:11,172 - cmp.main - INFO - CMP application starting up...
2025-09-07 16:50:11,172 - cmp.main - INFO - Database initialized successfully
2025-09-07 16:51:43,512 - cmp.main - INFO - CMP application starting up...
2025-09-07 16:51:43,515 - cmp.main - INFO - Database initialized successfully
2025-09-07 16:52:37,199 - passlib.handlers.bcrypt - DEBUG - detected 'bcrypt' backend, version '4.0.1'
2025-09-07 16:52:37,200 - passlib.handlers.bcrypt - DEBUG - 'bcrypt' backend lacks $2$ support, enabling workaround
2025-09-07 16:52:37,398 - cmp.auth - INFO - User admin@cmp.com authenticated successfully
2025-09-07 16:52:37,399 - cmp.auth - WARNING - Using default JWT secret key - change this in production!
2025-09-07 16:52:37,405 - cmp.auth - WARNING - Using default JWT secret key - change this in production!
2025-09-07 16:52:37,405 - cmp.auth_router - INFO - User admin@cmp.com logged in successfully
2025-09-07 16:52:50,042 - cmp.auth - WARNING - Using default JWT secret key - change this in production!
2025-09-07 16:53:16,108 - cmp.auth - WARNING - Using default JWT secret key - change this in production!
2025-09-07 16:53:30,640 - cmp.auth - WARNING - Using default JWT secret key - change this in production!
2025-09-07 16:53:30,712 - cmp.integrations.invoices - WARNING - Zoho Books connector running in stub mode - missing credentials
2025-09-07 16:53:30,712 - cmp.integrations.invoices - WARNING - Emirates NBD connector running in stub mode - missing credentials
2025-09-07 16:53:30,712 - cmp.integrations.invoices - INFO - Bank file importer initialized - supports CSV, Excel, QIF, OFX formats
2025-09-07 16:53:30,712 - cmp.agents.accountant - INFO - AI:Accountant initialized with enhanced capabilities
2025-09-07 16:53:30,712 - cmp.agents.controller - INFO - AI:Controller initialized
2025-09-07 16:53:30,713 - cmp.agents.director - INFO - AI:Director initialized
2025-09-07 16:53:30,713 - cmp.agents.cfo - INFO - AI:CFO initialized
2025-09-07 17:01:06,688 - cmp.auth - INFO - User admin@cmp.com authenticated successfully
2025-09-07 17:01:06,689 - cmp.auth - WARNING - Using default JWT secret key - change this in production!
2025-09-07 17:01:06,691 - cmp.auth - WARNING - Using default JWT secret key - change this in production!
2025-09-07 17:01:06,691 - cmp.auth_router - INFO - User admin@cmp.com logged in successfully
2025-09-07 23:36:45,877 - cmp.main - INFO - CMP application starting up...
2025-09-07 23:36:45,878 - cmp.main - INFO - Database initialized successfully
2025-09-07 23:45:32,527 - cmp.main - INFO - CMP application starting up...
2025-09-07 23:45:32,528 - cmp.main - INFO - Database initialized successfully
2025-09-07 23:46:33,857 - cmp.auth - INFO - Authentication failed: user admin@cmp.ae not found
2025-09-07 23:47:35,283 - passlib.handlers.bcrypt - DEBUG - detected 'bcrypt' backend, version '4.0.1'
2025-09-07 23:47:35,284 - passlib.handlers.bcrypt - DEBUG - 'bcrypt' backend lacks $2$ support, enabling workaround
2025-09-07 23:47:35,482 - cmp.auth - INFO - User admin@cmp.com authenticated successfully
2025-09-07 23:47:35,482 - cmp.auth - WARNING - Using default JWT secret key - change this in production!
2025-09-07 23:47:35,484 - cmp.auth - WARNING - Using default JWT secret key - change this in production!
2025-09-07 23:47:35,484 - cmp.auth_router - INFO - User admin@cmp.com logged in successfully
2025-09-07 23:47:46,781 - cmp.auth - WARNING - Using default JWT secret key - change this in production!
2025-09-07 23:47:47,928 - cmp.ai_utils - INFO - Loaded existing transaction categorizer model
2025-09-07 23:47:47,928 - cmp.ai_utils - INFO - Loaded existing transaction categorizer model
2025-09-07 23:47:47,994 - cmp.integrations.invoices - WARNING - Zoho Books connector running in stub mode - missing credentials
2025-09-07 23:47:47,994 - cmp.integrations.invoices - WARNING - Emirates NBD connector running in stub mode - missing credentials
2025-09-07 23:47:47,994 - cmp.integrations.invoices - INFO - Bank file importer initialized - supports CSV, Excel, QIF, OFX formats
2025-09-07 23:47:47,994 - cmp.agents.accountant - INFO - AI:Accountant initialized with AI/ML capabilities
2025-09-07 23:47:47,994 - cmp.agents.accountant - INFO - - Intelligent transaction categorization (ML)
2025-09-07 23:47:47,994 - cmp.agents.accountant - INFO - - Smart document analysis and OCR
2025-09-07 23:47:47,994 - cmp.agents.accountant - INFO - - Business insights and anomaly detection
2025-09-07 23:47:47,994 - cmp.agents.accountant - INFO - - Multi-bank integration (Emirates NBD, File Import)
2025-09-07 23:47:47,999 - cmp.agents.controller - INFO - AI:Controller initialized with AI-powered financial controls
2025-09-07 23:47:47,999 - cmp.agents.director - INFO - AI:Director initialized with AI-powered strategic financial management
2025-09-07 23:47:48,000 - cmp.agents.cfo - INFO - AI:CFO initialized with AI-powered strategic financial leadership
2025-09-07 23:48:55,174 - cmp.auth - WARNING - Using default JWT secret key - change this in production!
2025-09-07 23:49:35,353 - cmp.main - INFO - CMP application starting up...
2025-09-07 23:49:35,356 - cmp.main - INFO - Database initialized successfully
2025-09-07 23:51:15,402 - cmp.main - INFO - CMP application starting up...
2025-09-07 23:51:15,403 - cmp.main - INFO - Database initialized successfully
2025-09-07 23:51:30,889 - cmp.main - INFO - CMP application starting up...
2025-09-07 23:51:30,890 - cmp.main - INFO - Database initialized successfully
2025-09-07 23:51:42,847 - cmp.main - INFO - CMP application starting up...
2025-09-07 23:51:42,848 - cmp.main - INFO - Database initialized successfully
2025-09-07 23:51:56,521 - cmp.main - INFO - CMP application starting up...
2025-09-07 23:51:56,521 - cmp.main - INFO - Database initialized successfully
2025-09-07 23:52:04,284 - cmp.main - INFO - CMP application starting up...
2025-09-07 23:52:04,285 - cmp.main - INFO - Database initialized successfully
2025-09-07 23:52:14,114 - cmp.main - INFO - CMP application starting up...
2025-09-07 23:52:14,114 - cmp.main - INFO - Database initialized successfully
2025-09-07 23:53:24,834 - cmp.main - INFO - CMP application starting up...
2025-09-07 23:53:24,837 - cmp.main - INFO - Database initialized successfully
2025-09-07 23:53:38,727 - cmp.main - INFO - CMP application starting up...
2025-09-07 23:53:38,727 - cmp.main - INFO - Database initialized successfully
2025-09-07 23:53:44,585 - cmp.main - INFO - CMP application starting up...
2025-09-07 23:53:44,585 - cmp.main - INFO - Database initialized successfully
2025-09-07 23:56:08,231 - passlib.handlers.bcrypt - DEBUG - detected 'bcrypt' backend, version '4.0.1'
2025-09-07 23:56:08,232 - passlib.handlers.bcrypt - DEBUG - 'bcrypt' backend lacks $2$ support, enabling workaround
2025-09-07 23:56:08,430 - cmp.auth - INFO - User admin@cmp.com authenticated successfully
2025-09-07 23:56:08,430 - cmp.auth - WARNING - Using default JWT secret key - change this in production!
2025-09-07 23:56:08,436 - cmp.auth - WARNING - Using default JWT secret key - change this in production!
2025-09-07 23:56:08,436 - cmp.auth_router - INFO - User admin@cmp.com logged in successfully
2025-09-07 23:56:08,510 - cmp.auth - WARNING - Using default JWT secret key - change this in production!
2025-09-07 23:56:09,328 - cmp.ai_utils - INFO - Loaded existing transaction categorizer model
2025-09-07 23:56:09,329 - cmp.ai_utils - INFO - Loaded existing transaction categorizer model
2025-09-07 23:56:09,391 - cmp.integrations.invoices - WARNING - Zoho Books connector running in stub mode - missing credentials
2025-09-07 23:56:09,391 - cmp.integrations.invoices - WARNING - Emirates NBD connector running in stub mode - missing credentials
2025-09-07 23:56:09,391 - cmp.integrations.invoices - INFO - Bank file importer initialized - supports CSV, Excel, QIF, OFX formats
2025-09-07 23:56:09,391 - cmp.agents.accountant - INFO - AI:Accountant initialized with AI/ML capabilities
2025-09-07 23:56:09,391 - cmp.agents.accountant - INFO - - Intelligent transaction categorization (ML)
2025-09-07 23:56:09,391 - cmp.agents.accountant - INFO - - Smart document analysis and OCR
2025-09-07 23:56:09,392 - cmp.agents.accountant - INFO - - Business insights and anomaly detection
2025-09-07 23:56:09,392 - cmp.agents.accountant - INFO - - Multi-bank integration (Emirates NBD, File Import)
2025-09-07 23:56:09,396 - cmp.agents.controller - INFO - AI:Controller initialized with AI-powered financial controls
2025-09-07 23:56:09,396 - cmp.agents.director - INFO - AI:Director initialized with AI-powered strategic financial management
2025-09-07 23:56:09,396 - cmp.agents.cfo - INFO - AI:CFO initialized with AI-powered strategic financial leadership
2025-09-07 23:57:06,647 - cmp.auth - INFO - User admin@cmp.com authenticated successfully
2025-09-07 23:57:06,647 - cmp.auth - WARNING - Using default JWT secret key - change this in production!
2025-09-07 23:57:06,647 - cmp.auth - WARNING - Using default JWT secret key - change this in production!
2025-09-07 23:57:06,647 - cmp.auth_router - INFO - User admin@cmp.com logged in successfully
2025-09-07 23:57:15,427 - cmp.auth - WARNING - Using default JWT secret key - change this in production!
2025-09-07 23:57:27,108 - cmp.auth - WARNING - Using default JWT secret key - change this in production!
2025-09-08 00:03:21,775 - cmp.auth - INFO - User admin@cmp.com authenticated successfully
2025-09-08 00:03:21,776 - cmp.auth - WARNING - Using default JWT secret key - change this in production!
2025-09-08 00:03:21,776 - cmp.auth - WARNING - Using default JWT secret key - change this in production!
2025-09-08 00:03:21,776 - cmp.auth_router - INFO - User admin@cmp.com logged in successfully
2025-09-08 00:05:30,139 - cmp.main - INFO - CMP application starting up...
2025-09-08 00:05:30,143 - cmp.main - INFO - Database initialized successfully
2025-09-08 00:08:09,297 - cmp.main - INFO - CMP application starting up...
2025-09-08 00:08:09,298 - cmp.main - INFO - Database initialized successfully
2025-09-08 00:10:18,201 - passlib.handlers.bcrypt - DEBUG - detected 'bcrypt' backend, version '4.0.1'
2025-09-08 00:10:18,202 - passlib.handlers.bcrypt - DEBUG - 'bcrypt' backend lacks $2$ support, enabling workaround
2025-09-08 00:10:18,412 - cmp.auth - INFO - User admin@cmp.com authenticated successfully
2025-09-08 00:10:18,412 - cmp.auth - WARNING - Using default JWT secret key - change this in production!
2025-09-08 00:10:18,419 - cmp.auth - WARNING - Using default JWT secret key - change this in production!
2025-09-08 00:10:18,419 - cmp.auth_router - INFO - User admin@cmp.com logged in successfully
2025-09-08 00:13:22,462 - cmp.main - INFO - CMP application starting up...
2025-09-08 00:13:22,465 - cmp.main - INFO - Database initialized successfully
2025-09-08 00:14:20,170 - cmp.main - INFO - CMP application starting up...
2025-09-08 00:14:20,171 - cmp.main - INFO - Database initialized successfully
2025-09-08 00:15:22,299 - cmp.main - INFO - CMP application starting up...
2025-09-08 00:15:22,300 - cmp.main - INFO - Database initialized successfully
2025-09-08 00:15:50,137 - cmp.main - INFO - CMP application starting up...
2025-09-08 00:15:50,137 - cmp.main - INFO - Database initialized successfully
2025-09-08 00:15:58,915 - cmp.auth - WARNING - Using default JWT secret key - change this in production!
2025-09-08 00:17:49,417 - cmp.auth - WARNING - Using default JWT secret key - change this in production!
2025-09-08 00:18:03,025 - cmp.auth - WARNING - Using default JWT secret key - change this in production!
2025-09-08 00:18:03,843 - cmp.ai_utils - INFO - Loaded existing transaction categorizer model
2025-09-08 00:18:03,843 - cmp.ai_utils - INFO - Loaded existing transaction categorizer model
2025-09-08 00:18:03,904 - cmp.integrations.invoices - WARNING - Zoho Books connector running in stub mode - missing credentials
2025-09-08 00:18:03,904 - cmp.integrations.invoices - WARNING - Emirates NBD connector running in stub mode - missing credentials
2025-09-08 00:18:03,904 - cmp.integrations.invoices - INFO - Bank file importer initialized - supports CSV, Excel, QIF, OFX formats
2025-09-08 00:18:03,904 - cmp.agents.accountant - INFO - AI:Accountant initialized with AI/ML capabilities
2025-09-08 00:18:03,904 - cmp.agents.accountant - INFO - - Intelligent transaction categorization (ML)
2025-09-08 00:18:03,904 - cmp.agents.accountant - INFO - - Smart document analysis and OCR
2025-09-08 00:18:03,904 - cmp.agents.accountant - INFO - - Business insights and anomaly detection
2025-09-08 00:18:03,904 - cmp.agents.accountant - INFO - - Multi-bank integration (Emirates NBD, File Import)
2025-09-08 00:18:03,908 - cmp.agents.controller - INFO - AI:Controller initialized with AI-powered financial controls
2025-09-08 00:18:03,909 - cmp.agents.director - INFO - AI:Director initialized with AI-powered strategic financial management
2025-09-08 00:18:03,909 - cmp.agents.cfo - INFO - AI:CFO initialized with AI-powered strategic financial leadership
2025-09-08 00:21:45,978 - cmp.auth - WARNING - Using default JWT secret key - change this in production!
2025-09-08 00:22:45,163 - multipart.multipart - DEBUG - Calling on_part_begin with no data
2025-09-08 00:22:45,164 - multipart.multipart - DEBUG - Calling on_header_field with data[42:61]
2025-09-08 00:22:45,165 - multipart.multipart - DEBUG - Calling on_header_value with data[63:92]
2025-09-08 00:22:45,165 - multipart.multipart - DEBUG - Calling on_header_end with no data
2025-09-08 00:22:45,165 - multipart.multipart - DEBUG - Calling on_headers_finished with no data
2025-09-08 00:22:45,165 - multipart.multipart - DEBUG - Calling on_part_data with data[96:157]
2025-09-08 00:22:45,165 - multipart.multipart - DEBUG - Calling on_part_end with no data
2025-09-08 00:22:45,165 - multipart.multipart - DEBUG - Calling on_part_begin with no data
2025-09-08 00:22:45,165 - multipart.multipart - DEBUG - Calling on_header_field with data[201:220]
2025-09-08 00:22:45,165 - multipart.multipart - DEBUG - Calling on_header_value with data[222:246]
2025-09-08 00:22:45,165 - multipart.multipart - DEBUG - Calling on_header_end with no data
2025-09-08 00:22:45,165 - multipart.multipart - DEBUG - Calling on_headers_finished with no data
2025-09-08 00:22:45,165 - multipart.multipart - DEBUG - Calling on_part_data with data[250:255]
2025-09-08 00:22:45,165 - multipart.multipart - DEBUG - Calling on_part_end with no data
2025-09-08 00:22:45,165 - multipart.multipart - DEBUG - Calling on_part_begin with no data
2025-09-08 00:22:45,165 - multipart.multipart - DEBUG - Calling on_header_field with data[299:318]
2025-09-08 00:22:45,166 - multipart.multipart - DEBUG - Calling on_header_value with data[320:343]
2025-09-08 00:22:45,166 - multipart.multipart - DEBUG - Calling on_header_end with no data
2025-09-08 00:22:45,166 - multipart.multipart - DEBUG - Calling on_headers_finished with no data
2025-09-08 00:22:45,166 - multipart.multipart - DEBUG - Calling on_part_data with data[347:365]
2025-09-08 00:22:45,166 - multipart.multipart - DEBUG - Calling on_part_end with no data
2025-09-08 00:22:45,166 - multipart.multipart - DEBUG - Calling on_end with no data
2025-09-08 00:22:45,166 - cmp.auth - WARNING - Using default JWT secret key - change this in production!
2025-09-08 00:22:45,179 - cmp.dashboard - INFO - Real-world event recorded by admin@cmp.com: Deposited 50000 cash via atm, which we received from a client (50000.0 AED)
2025-09-08 00:22:48,109 - cmp.auth - WARNING - Using default JWT secret key - change this in production!
2025-09-08 00:23:27,039 - cmp.auth - WARNING - Using default JWT secret key - change this in production!
2025-09-08 00:23:37,970 - cmp.auth - WARNING - Using default JWT secret key - change this in production!
2025-09-08 00:28:29,441 - cmp.main - INFO - CMP application starting up...
2025-09-08 00:28:29,442 - cmp.main - INFO - Database initialized successfully
2025-09-08 00:28:55,342 - cmp.main - INFO - CMP application starting up...
2025-09-08 00:28:55,342 - cmp.main - INFO - Database initialized successfully
2025-09-08 00:31:07,112 - cmp.main - INFO - CMP application starting up...
2025-09-08 00:31:07,115 - cmp.main - INFO - Database initialized successfully
2025-09-08 00:31:36,771 - cmp.main - INFO - CMP application starting up...
2025-09-08 00:31:36,772 - cmp.main - INFO - Database initialized successfully
2025-09-08 00:31:50,769 - cmp.main - INFO - CMP application starting up...
2025-09-08 00:31:50,769 - cmp.main - INFO - Database initialized successfully
2025-09-08 00:32:12,424 - cmp.main - INFO - CMP application starting up...
2025-09-08 00:32:12,425 - cmp.main - INFO - Database initialized successfully
2025-09-08 00:33:09,544 - cmp.main - INFO - CMP application starting up...
2025-09-08 00:33:09,545 - cmp.main - INFO - Database initialized successfully
2025-09-08 00:33:36,332 - cmp.main - INFO - CMP application starting up...
2025-09-08 00:33:36,333 - cmp.main - INFO - Database initialized successfully
2025-09-08 00:37:13,972 - cmp.main - INFO - CMP application starting up...
2025-09-08 00:37:13,973 - cmp.main - INFO - Database initialized successfully
2025-09-08 00:37:41,288 - cmp.auth - WARNING - Using default JWT secret key - change this in production!
2025-09-08 00:37:41,330 - cmp.auth - WARNING - Using default JWT secret key - change this in production!
2025-09-08 00:37:42,180 - cmp.ai_utils - INFO - Loaded existing transaction categorizer model
2025-09-08 00:37:42,180 - cmp.ai_utils - INFO - Loaded existing transaction categorizer model
2025-09-08 00:37:42,247 - cmp.integrations.invoices - WARNING - Zoho Books connector running in stub mode - missing credentials
2025-09-08 00:37:42,247 - cmp.integrations.invoices - WARNING - Emirates NBD connector running in stub mode - missing credentials
2025-09-08 00:37:42,247 - cmp.integrations.invoices - INFO - Bank file importer initialized - supports CSV, Excel, QIF, OFX formats
2025-09-08 00:37:42,247 - cmp.agents.accountant - INFO - AI:Accountant initialized with AI/ML capabilities
2025-09-08 00:37:42,248 - cmp.agents.accountant - INFO - - Intelligent transaction categorization (ML)
2025-09-08 00:37:42,248 - cmp.agents.accountant - INFO - - Smart document analysis and OCR
2025-09-08 00:37:42,248 - cmp.agents.accountant - INFO - - Business insights and anomaly detection
2025-09-08 00:37:42,248 - cmp.agents.accountant - INFO - - Multi-bank integration (Emirates NBD, File Import)
2025-09-08 00:37:42,252 - cmp.agents.controller - INFO - AI:Controller initialized with AI-powered financial controls
2025-09-08 00:37:42,252 - cmp.agents.director - INFO - AI:Director initialized with AI-powered strategic financial management
2025-09-08 00:37:42,252 - cmp.agents.cfo - INFO - AI:CFO initialized with AI-powered strategic financial leadership
2025-09-08 00:38:12,266 - cmp.auth - WARNING - Using default JWT secret key - change this in production!
2025-09-08 00:38:12,283 - cmp.auth - WARNING - Using default JWT secret key - change this in production!
2025-09-08 00:38:15,642 - cmp.auth - WARNING - Using default JWT secret key - change this in production!
2025-09-08 00:38:42,264 - cmp.auth - WARNING - Using default JWT secret key - change this in production!
2025-09-08 00:38:42,281 - cmp.auth - WARNING - Using default JWT secret key - change this in production!
2025-09-08 00:39:12,265 - cmp.auth - WARNING - Using default JWT secret key - change this in production!
2025-09-08 00:39:12,282 - cmp.auth - WARNING - Using default JWT secret key - change this in production!
2025-09-08 00:39:16,265 - cmp.main - INFO - CMP application starting up...
2025-09-08 00:39:16,266 - cmp.main - INFO - Database initialized successfully
